<?xml version="1.0" encoding="UTF-8"?>
<!-- Generated by org.testng.reporters.JUnitReportReporter -->
<testsuite hostname="LBNL10570" name="testcases.TC_001" tests="1" failures="0" timestamp="24 Sep 2020 09:22:54 GMT" time="6.887" errors="0">
  <testcase name="testcase" time="6.887" classname="testcases.TC_001"/>
</testsuite> <!-- testcases.TC_001 -->
