<?xml version="1.0" encoding="UTF-8"?>
<!-- Generated by org.testng.reporters.JUnitReportReporter -->
<testsuite hostname="LBNL10570" name="testcases.TC_002" tests="1" failures="0" timestamp="24 Sep 2020 09:22:54 GMT" time="6.244" errors="0">
  <testcase name="testcase" time="6.244" classname="testcases.TC_002"/>
</testsuite> <!-- testcases.TC_002 -->
